<?xml version="1.0" encoding="UTF-8"?>
<!-- Generated by org.testng.reporters.JUnitReportReporter -->
<testsuite hostname="KT" failures="0" tests="1" name="ktb.SeleniumFrameworkDesign.ErrorValidations" time="9.126" errors="0" timestamp="2024-07-10T15:06:23 MDT" skipped="0">
  <testcase classname="ktb.SeleniumFrameworkDesign.ErrorValidations" name="submitOrder" time="9.126"/>
  <system-out/>
</testsuite> <!-- ktb.SeleniumFrameworkDesign.ErrorValidations -->
