<?xml version="1.0" encoding="UTF-8"?>
<!-- Generated by org.testng.reporters.JUnitReportReporter -->
<testsuite hostname="KT" failures="0" tests="3" name="ktb.SeleniumFrameworkDesign.SubmitOrderTest" time="57.988" errors="0" timestamp="2024-07-15T00:26:55 MDT" skipped="0">
  <testcase classname="ktb.SeleniumFrameworkDesign.SubmitOrderTest" name="submitOrder" time="22.850"/>
  <system-out/>
  <testcase classname="ktb.SeleniumFrameworkDesign.SubmitOrderTest" name="submitOrder" time="25.359"/>
  <system-out/>
  <testcase classname="ktb.SeleniumFrameworkDesign.SubmitOrderTest" name="OrderHistory" time="9.779"/>
  <system-out/>
</testsuite> <!-- ktb.SeleniumFrameworkDesign.SubmitOrderTest -->
