<?xml version="1.0" encoding="UTF-8"?>
<!-- Generated by org.testng.reporters.JUnitReportReporter -->
<testsuite hostname="KT" failures="0" tests="2" name="ktb.SeleniumFrameworkDesign.ErrorValidationsTest" time="31.682" errors="0" timestamp="2024-07-15T00:26:55 MDT" skipped="0">
  <testcase classname="ktb.SeleniumFrameworkDesign.ErrorValidationsTest" name="LoginErrorValidation" time="10.042"/>
  <system-out/>
  <testcase classname="ktb.SeleniumFrameworkDesign.ErrorValidationsTest" name="ProductErrorValidation" time="21.640"/>
  <system-out/>
</testsuite> <!-- ktb.SeleniumFrameworkDesign.ErrorValidationsTest -->
