<?xml version="1.0" encoding="UTF-8"?>
<!-- Generated by org.testng.reporters.JUnitReportReporter -->
<testsuite hostname="KT" failures="0" tests="1" name="cucumber.TestNGTestRunner" time="23.693" errors="0" timestamp="2024-07-16T14:09:28 MDT" skipped="0">
  <testcase classname="cucumber.TestNGTestRunner" name="runScenario" time="23.693"/>
  <system-out/>
</testsuite> <!-- cucumber.TestNGTestRunner -->
