<?xml version="1.0" encoding="UTF-8"?>
<!-- Generated by org.testng.reporters.JUnitReportReporter -->
<testsuite hostname="KT" failures="0" tests="2" name="ktb.SeleniumFrameworkDesign.ErrorValidationsTest" time="24.867" errors="0" timestamp="2024-07-15T00:35:09 MDT" skipped="0">
  <testcase classname="ktb.SeleniumFrameworkDesign.ErrorValidationsTest" name="LoginErrorValidation" time="10.599"/>
  <system-out/>
  <testcase classname="ktb.SeleniumFrameworkDesign.ErrorValidationsTest" name="ProductErrorValidation" time="14.268"/>
  <system-out/>
</testsuite> <!-- ktb.SeleniumFrameworkDesign.ErrorValidationsTest -->
