<?xml version="1.0" encoding="UTF-8"?>
<!-- Generated by org.testng.reporters.JUnitReportReporter -->
<testsuite hostname="KT" failures="0" tests="3" name="ktb.SeleniumFrameworkDesign.SubmitOrderTest" time="46.825" errors="0" timestamp="2024-07-15T00:35:09 MDT" skipped="0">
  <testcase classname="ktb.SeleniumFrameworkDesign.SubmitOrderTest" name="OrderHistory" time="8.556"/>
  <system-out/>
  <testcase classname="ktb.SeleniumFrameworkDesign.SubmitOrderTest" name="submitOrder" time="12.661"/>
  <system-out/>
  <testcase classname="ktb.SeleniumFrameworkDesign.SubmitOrderTest" name="submitOrder" time="25.608"/>
  <system-out/>
</testsuite> <!-- ktb.SeleniumFrameworkDesign.SubmitOrderTest -->
